Using pre-set license
Built from '2020.3/china_unity/release' branch; Version is '2020.3.0f1c1 (1e553bf703d9) revision 1987899'; Using compiler version '192528614'; Build Type 'Release'
OS: 'Windows 10 Pro; OS build 19042.1083; Version 2009; 64bit' Language: 'zh' Physical Memory: 7924 MB
BatchMode: 1, IsHumanControllingUs: 0, StartBugReporterOnCrash: 0, Is64bit: 1, IsPro: 0

 COMMAND LINE ARGUMENTS:
C:\Program Files\Unity\Hub\Editor\2020.3.0f1c1\Editor\Unity.exe
-adb2
-batchMode
-noUpm
-name
AssetImportWorker0
-projectPath
D:/WORK/AirWar
-logFile
Logs/AssetImportWorker0.log
-srvPort
1652
Successfully changed project path to: D:/WORK/AirWar
D:/WORK/AirWar
Using Asset Import Pipeline V2.
Refreshing native plugins compatible for Editor in 59.18 ms, found 1 plugins.
Preloading 0 native plugins for Editor in 0.00 ms.
Initialize engine version: 2020.3.0f1c1 (1e553bf703d9)
[Subsystems] Discovering subsystems at path C:/Program Files/Unity/Hub/Editor/2020.3.0f1c1/Editor/Data/Resources/UnitySubsystems
[Subsystems] Discovering subsystems at path D:/WORK/AirWar/Assets
GfxDevice: creating device client; threaded=0
Direct3D:
    Version:  Direct3D 11.0 [level 11.1]
    Renderer: NVIDIA GeForce GTX 1050 Ti with Max-Q Design (ID=0x1c8c)
    Vendor:   
    VRAM:     4021 MB
    Driver:   27.21.14.6231
Initialize mono
Mono path[0] = 'C:/Program Files/Unity/Hub/Editor/2020.3.0f1c1/Editor/Data/Managed'
Mono path[1] = 'C:/Program Files/Unity/Hub/Editor/2020.3.0f1c1/Editor/Data/MonoBleedingEdge/lib/mono/unityjit'
Mono config path = 'C:/Program Files/Unity/Hub/Editor/2020.3.0f1c1/Editor/Data/MonoBleedingEdge/etc'
Using monoOptions --debugger-agent=transport=dt_socket,embedding=1,server=y,suspend=n,address=127.0.0.1:56828
Begin MonoManager ReloadAssembly
Registering precompiled unity dll's ...
Register platform support module: C:/Program Files/Unity/Hub/Editor/2020.3.0f1c1/Editor/Data/PlaybackEngines/WindowsStandaloneSupport/UnityEditor.WindowsStandalone.Extensions.dll
Registered in 0.001945 seconds.
Native extension for WindowsStandalone target not found
Refreshing native plugins compatible for Editor in 54.85 ms, found 1 plugins.
Preloading 0 native plugins for Editor in 0.00 ms.
Invoked RoslynAnalysisRunner static constructor.
RoslynAnalysisRunner will not be running.
RoslynAnalysisRunner has terminated.
Mono: successfully reloaded assembly
- Completed reload, in  3.803 seconds
Platform modules already initialized, skipping
Registering precompiled user dll's ...
Registered in 0.000901 seconds.
Begin MonoManager ReloadAssembly
Native extension for WindowsStandalone target not found
Refreshing native plugins compatible for Editor in 34.34 ms, found 1 plugins.
Preloading 0 native plugins for Editor in 0.00 ms.
Invoked RoslynAnalysisRunner static constructor.
RoslynAnalysisRunner will not be running.
RoslynAnalysisRunner has terminated.
Mono: successfully reloaded assembly
- Completed reload, in  1.540 seconds
Platform modules already initialized, skipping
========================================================================
Worker process is ready to serve import requests
Launched and connected shader compiler UnityShaderCompiler.exe after 0.06 seconds
Refreshing native plugins compatible for Editor in 0.86 ms, found 1 plugins.
Preloading 0 native plugins for Editor in 0.00 ms.
Unloading 1815 Unused Serialized files (Serialized files now loaded: 0)
System memory in use before: 84.8 MB.
System memory in use after: 84.9 MB.

Unloading 19 unused Assets to reduce memory usage. Loaded Objects now: 2263.
Total: 2.157700 ms (FindLiveObjects: 0.151400 ms CreateObjectMapping: 0.049100 ms MarkObjects: 1.836800 ms  DeleteObjects: 0.119400 ms)

========================================================================
Received Import Request.
  path: Assets/Prefab/子弹prefab.prefab
  artifactKey: Guid(89f1a3a9def40944388d02975b0c69cf) Importer(815301076,1909f56bfc062723c751e8b465ee728b)
Start importing Assets/Prefab/子弹prefab.prefab using Guid(89f1a3a9def40944388d02975b0c69cf) Importer(815301076,1909f56bfc062723c751e8b465ee728b)  -> (artifact id: '16fe456c8af053d167e4367da7252aa5') in 0.189015 seconds
  Import took 0.259223 seconds .

========================================================================
Received Import Request.
  Time since last request: 0.000370 seconds.
  path: Assets/Prefab/怪兽prefab.prefab
  artifactKey: Guid(ef629cff9ed719d488ff0572e7f90ebf) Importer(815301076,1909f56bfc062723c751e8b465ee728b)
Start importing Assets/Prefab/怪兽prefab.prefab using Guid(ef629cff9ed719d488ff0572e7f90ebf) Importer(815301076,1909f56bfc062723c751e8b465ee728b)  -> (artifact id: 'e21dc4f8b477d2337134dcd262f414af') in 0.039506 seconds
  Import took 0.074563 seconds .

========================================================================
Received Import Request.
  Time since last request: 0.000870 seconds.
  path: Assets/Scenes/SampleScene.unity
  artifactKey: Guid(2cda990e2423bbf4892e6590ba056729) Importer(815301076,1909f56bfc062723c751e8b465ee728b)
Start importing Assets/Scenes/SampleScene.unity using Guid(2cda990e2423bbf4892e6590ba056729) Importer(815301076,1909f56bfc062723c751e8b465ee728b)  -> (artifact id: 'efbc401c26e6cc9c07cc5f3968fc7b64') in 0.006825 seconds
  Import took 0.023394 seconds .

========================================================================
Received Import Request.
  Time since last request: 47.687038 seconds.
  path: Assets/Script/GameUI.cs
  artifactKey: Guid(8ab9b6bff5d136a43b7992466aa79f63) Importer(815301076,1909f56bfc062723c751e8b465ee728b)
Start importing Assets/Script/GameUI.cs using Guid(8ab9b6bff5d136a43b7992466aa79f63) Importer(815301076,1909f56bfc062723c751e8b465ee728b)  -> (artifact id: '9bf305821b1873aa5f76d194609ffe00') in 0.010786 seconds
  Import took 0.120899 seconds .

========================================================================
Received Import Request.
  Time since last request: 14.792703 seconds.
  path: Assets/Script/GameUI.cs
  artifactKey: Guid(8ab9b6bff5d136a43b7992466aa79f63) Importer(815301076,1909f56bfc062723c751e8b465ee728b)
Start importing Assets/Script/GameUI.cs using Guid(8ab9b6bff5d136a43b7992466aa79f63) Importer(815301076,1909f56bfc062723c751e8b465ee728b)  -> (artifact id: '4dfc993c0f1dfba9e859a64b9c7afc9e') in 0.002431 seconds
  Import took 0.009541 seconds .

========================================================================
Received Prepare
Registering precompiled user dll's ...
Registered in 0.000817 seconds.
Begin MonoManager ReloadAssembly
Native extension for WindowsStandalone target not found
Refreshing native plugins compatible for Editor in 0.35 ms, found 1 plugins.
Preloading 0 native plugins for Editor in 0.00 ms.
Invoked RoslynAnalysisRunner static constructor.
RoslynAnalysisRunner will not be running.
RoslynAnalysisRunner has terminated.
Mono: successfully reloaded assembly
- Completed reload, in  0.866 seconds
Platform modules already initialized, skipping
Switching build target platform(5) subTarget(0) extendedPlatform(0) -> platform(13) subTarget(537395200) extendedPlatform(0)
Refreshing native plugins compatible for Editor in 0.96 ms, found 1 plugins.
Preloading 0 native plugins for Editor in 0.00 ms.
Unloading 1808 Unused Serialized files (Serialized files now loaded: 0)
System memory in use before: 87.5 MB.
System memory in use after: 87.7 MB.

Unloading 7 unused Assets to reduce memory usage. Loaded Objects now: 2274.
Total: 4.773200 ms (FindLiveObjects: 0.730200 ms CreateObjectMapping: 0.296600 ms MarkObjects: 3.724700 ms  DeleteObjects: 0.017000 ms)

AssetImportParameters requested are different than current active one (requested -> active):
  custom:graphics/normal-map-encoding: 01000000000000000000000000000000 -> 02000000000000000000000000000000
========================================================================
Received Prepare
Registering precompiled user dll's ...
Registered in 0.001317 seconds.
Begin MonoManager ReloadAssembly
Native extension for WindowsStandalone target not found
Refreshing native plugins compatible for Editor in 0.33 ms, found 1 plugins.
Preloading 0 native plugins for Editor in 0.00 ms.
Invoked RoslynAnalysisRunner static constructor.
RoslynAnalysisRunner will not be running.
RoslynAnalysisRunner has terminated.
Mono: successfully reloaded assembly
- Completed reload, in  0.909 seconds
Platform modules already initialized, skipping
Switching build target platform(5) subTarget(0) extendedPlatform(0) -> platform(13) subTarget(537395200) extendedPlatform(0)
Refreshing native plugins compatible for Editor in 0.32 ms, found 1 plugins.
Preloading 0 native plugins for Editor in 0.00 ms.
Unloading 1808 Unused Serialized files (Serialized files now loaded: 0)
System memory in use before: 87.6 MB.
System memory in use after: 87.7 MB.

Unloading 7 unused Assets to reduce memory usage. Loaded Objects now: 2278.
Total: 2.507000 ms (FindLiveObjects: 0.217800 ms CreateObjectMapping: 0.099300 ms MarkObjects: 2.169500 ms  DeleteObjects: 0.019100 ms)

AssetImportParameters requested are different than current active one (requested -> active):
  custom:graphics/normal-map-encoding: 01000000000000000000000000000000 -> 02000000000000000000000000000000
========================================================================
Received Import Request.
  Time since last request: 147.930961 seconds.
  path: Assets/Script/MonsterCtrl.cs
  artifactKey: Guid(57c8135288edc93469d20a89c76c3ff9) Importer(815301076,1909f56bfc062723c751e8b465ee728b)
Start importing Assets/Script/MonsterCtrl.cs using Guid(57c8135288edc93469d20a89c76c3ff9) Importer(815301076,1909f56bfc062723c751e8b465ee728b)  -> (artifact id: 'e7f791dd4e8bf48b9cd994314663ec09') in 0.009966 seconds
  Import took 0.030668 seconds .

========================================================================
Received Import Request.
  Time since last request: 0.000850 seconds.
  path: Assets/Script/MyBackground.cs
  artifactKey: Guid(affb8102184dcef4ba4f03c9b82cf398) Importer(815301076,1909f56bfc062723c751e8b465ee728b)
Start importing Assets/Script/MyBackground.cs using Guid(affb8102184dcef4ba4f03c9b82cf398) Importer(815301076,1909f56bfc062723c751e8b465ee728b)  -> (artifact id: 'cdef7a162f78439101eae14987139c02') in 0.002479 seconds
  Import took 0.017325 seconds .

========================================================================
Received Prepare
Registering precompiled user dll's ...
Registered in 0.000961 seconds.
Begin MonoManager ReloadAssembly
Native extension for WindowsStandalone target not found
Refreshing native plugins compatible for Editor in 0.34 ms, found 1 plugins.
Preloading 0 native plugins for Editor in 0.00 ms.
Invoked RoslynAnalysisRunner static constructor.
RoslynAnalysisRunner will not be running.
RoslynAnalysisRunner has terminated.
Mono: successfully reloaded assembly
- Completed reload, in  0.968 seconds
Platform modules already initialized, skipping
Switching build target platform(5) subTarget(0) extendedPlatform(0) -> platform(13) subTarget(537395200) extendedPlatform(0)
Refreshing native plugins compatible for Editor in 0.31 ms, found 1 plugins.
Preloading 0 native plugins for Editor in 0.00 ms.
Unloading 1808 Unused Serialized files (Serialized files now loaded: 0)
System memory in use before: 87.6 MB.
System memory in use after: 87.7 MB.

Unloading 7 unused Assets to reduce memory usage. Loaded Objects now: 2282.
Total: 2.041900 ms (FindLiveObjects: 0.266200 ms CreateObjectMapping: 0.094500 ms MarkObjects: 1.663500 ms  DeleteObjects: 0.016100 ms)

AssetImportParameters requested are different than current active one (requested -> active):
  custom:graphics/normal-map-encoding: 01000000000000000000000000000000 -> 02000000000000000000000000000000
========================================================================
Received Import Request.
  Time since last request: 54.082791 seconds.
  path: Assets/Script/MyBackground.cs
  artifactKey: Guid(affb8102184dcef4ba4f03c9b82cf398) Importer(815301076,1909f56bfc062723c751e8b465ee728b)
Start importing Assets/Script/MyBackground.cs using Guid(affb8102184dcef4ba4f03c9b82cf398) Importer(815301076,1909f56bfc062723c751e8b465ee728b)  -> (artifact id: '721361d0d8d5ef8c35b544e04022bab6') in 0.004595 seconds
  Import took 0.070684 seconds .

========================================================================
Received Prepare
Registering precompiled user dll's ...
Registered in 0.001017 seconds.
Begin MonoManager ReloadAssembly
Native extension for WindowsStandalone target not found
Refreshing native plugins compatible for Editor in 0.36 ms, found 1 plugins.
Preloading 0 native plugins for Editor in 0.00 ms.
Invoked RoslynAnalysisRunner static constructor.
RoslynAnalysisRunner will not be running.
RoslynAnalysisRunner has terminated.
Mono: successfully reloaded assembly
- Completed reload, in  1.036 seconds
Platform modules already initialized, skipping
Switching build target platform(5) subTarget(0) extendedPlatform(0) -> platform(13) subTarget(537395200) extendedPlatform(0)
Refreshing native plugins compatible for Editor in 0.32 ms, found 1 plugins.
Preloading 0 native plugins for Editor in 0.00 ms.
Unloading 1808 Unused Serialized files (Serialized files now loaded: 0)
System memory in use before: 87.6 MB.
System memory in use after: 87.7 MB.

Unloading 7 unused Assets to reduce memory usage. Loaded Objects now: 2286.
Total: 2.262500 ms (FindLiveObjects: 0.205100 ms CreateObjectMapping: 0.101100 ms MarkObjects: 1.937000 ms  DeleteObjects: 0.018200 ms)

AssetImportParameters requested are different than current active one (requested -> active):
  custom:graphics/normal-map-encoding: 01000000000000000000000000000000 -> 02000000000000000000000000000000
========================================================================
Received Import Request.
  Time since last request: 360.765402 seconds.
  path: Assets/Script/MyBullet.cs
  artifactKey: Guid(5bed661a374df164f9572ca1193e0507) Importer(815301076,1909f56bfc062723c751e8b465ee728b)
Start importing Assets/Script/MyBullet.cs using Guid(5bed661a374df164f9572ca1193e0507) Importer(815301076,1909f56bfc062723c751e8b465ee728b)  -> (artifact id: 'fbaefd70511201bb890596b7b0cbbfec') in 0.005206 seconds
  Import took 0.033971 seconds .

========================================================================
Received Prepare
Registering precompiled user dll's ...
Registered in 0.001242 seconds.
Begin MonoManager ReloadAssembly
Native extension for WindowsStandalone target not found
Refreshing native plugins compatible for Editor in 0.37 ms, found 1 plugins.
Preloading 0 native plugins for Editor in 0.00 ms.
Invoked RoslynAnalysisRunner static constructor.
RoslynAnalysisRunner will not be running.
RoslynAnalysisRunner has terminated.
Mono: successfully reloaded assembly
- Completed reload, in  1.007 seconds
Platform modules already initialized, skipping
Switching build target platform(5) subTarget(0) extendedPlatform(0) -> platform(13) subTarget(537395200) extendedPlatform(0)
Refreshing native plugins compatible for Editor in 0.44 ms, found 1 plugins.
Preloading 0 native plugins for Editor in 0.00 ms.
Unloading 1808 Unused Serialized files (Serialized files now loaded: 0)
System memory in use before: 87.6 MB.
System memory in use after: 87.7 MB.

Unloading 7 unused Assets to reduce memory usage. Loaded Objects now: 2290.
Total: 2.336400 ms (FindLiveObjects: 0.252000 ms CreateObjectMapping: 0.142000 ms MarkObjects: 1.925700 ms  DeleteObjects: 0.015300 ms)

AssetImportParameters requested are different than current active one (requested -> active):
  custom:graphics/normal-map-encoding: 01000000000000000000000000000000 -> 02000000000000000000000000000000
========================================================================
Received Import Request.
  Time since last request: 152.866914 seconds.
  path: Assets/Scenes/AirWar.unity
  artifactKey: Guid(19f200792c6faf449b4acf76c963a3c8) Importer(815301076,1909f56bfc062723c751e8b465ee728b)
Start importing Assets/Scenes/AirWar.unity using Guid(19f200792c6faf449b4acf76c963a3c8) Importer(815301076,1909f56bfc062723c751e8b465ee728b)  -> (artifact id: '991c09b052bc97dccfb7b8cb8902f95d') in 0.015494 seconds
  Import took 0.091761 seconds .

========================================================================
Received Prepare
Registering precompiled user dll's ...
Registered in 0.000953 seconds.
Begin MonoManager ReloadAssembly
Native extension for WindowsStandalone target not found
Refreshing native plugins compatible for Editor in 0.32 ms, found 1 plugins.
Preloading 0 native plugins for Editor in 0.00 ms.
Invoked RoslynAnalysisRunner static constructor.
RoslynAnalysisRunner will not be running.
RoslynAnalysisRunner has terminated.
Mono: successfully reloaded assembly
- Completed reload, in  0.942 seconds
Platform modules already initialized, skipping
Switching build target platform(5) subTarget(0) extendedPlatform(0) -> platform(13) subTarget(537395200) extendedPlatform(0)
Refreshing native plugins compatible for Editor in 0.32 ms, found 1 plugins.
Preloading 0 native plugins for Editor in 0.00 ms.
Unloading 1807 Unused Serialized files (Serialized files now loaded: 0)
System memory in use before: 87.6 MB.
System memory in use after: 87.7 MB.

Unloading 8 unused Assets to reduce memory usage. Loaded Objects now: 2293.
Total: 2.050300 ms (FindLiveObjects: 0.189600 ms CreateObjectMapping: 0.062400 ms MarkObjects: 1.773600 ms  DeleteObjects: 0.023500 ms)

AssetImportParameters requested are different than current active one (requested -> active):
  custom:graphics/normal-map-encoding: 01000000000000000000000000000000 -> 02000000000000000000000000000000
========================================================================
Received Prepare
Registering precompiled user dll's ...
Registered in 0.000901 seconds.
Begin MonoManager ReloadAssembly
Native extension for WindowsStandalone target not found
Refreshing native plugins compatible for Editor in 0.32 ms, found 1 plugins.
Preloading 0 native plugins for Editor in 0.00 ms.
Invoked RoslynAnalysisRunner static constructor.
RoslynAnalysisRunner will not be running.
RoslynAnalysisRunner has terminated.
Mono: successfully reloaded assembly
- Completed reload, in  0.921 seconds
Platform modules already initialized, skipping
Switching build target platform(5) subTarget(0) extendedPlatform(0) -> platform(13) subTarget(537395200) extendedPlatform(0)
Refreshing native plugins compatible for Editor in 0.40 ms, found 1 plugins.
Preloading 0 native plugins for Editor in 0.00 ms.
Unloading 1807 Unused Serialized files (Serialized files now loaded: 0)
System memory in use before: 87.6 MB.
System memory in use after: 87.7 MB.

Unloading 7 unused Assets to reduce memory usage. Loaded Objects now: 2297.
Total: 2.283000 ms (FindLiveObjects: 0.328100 ms CreateObjectMapping: 0.114100 ms MarkObjects: 1.823400 ms  DeleteObjects: 0.016200 ms)

AssetImportParameters requested are different than current active one (requested -> active):
  custom:graphics/normal-map-encoding: 01000000000000000000000000000000 -> 02000000000000000000000000000000
AssetImportWorkerClient::OnTransportError - code=2 error=End of file
